This is pdfTeX, Version 3.141592653-2.6-1.40.24 (TeX Live 2022) (preloaded format=pdflatex 2023.2.24)  3 MAR 2024 12:09
entering extended mode
 restricted \write18 enabled.
 file:line:error style messages enabled.
 %&-line parsing enabled.
**/Users/rakibabdullah/Desktop/CSE-406/autopsyLatex/CSE-406-Computer-Security/Autopsy/autopsy.tex
(/Users/rakibabdullah/Desktop/CSE-406/autopsyLatex/CSE-406-Computer-Security/Autopsy/autopsy.tex
LaTeX2e <2021-11-15> patch level 1
L3 programming layer <2022-02-24> (/usr/local/texlive/2022/texmf-dist/tex/latex/extsizes/extarticle.cls
Document Class: extarticle 1996/10/08 v1.0 Non Standard LaTeX document class
(/usr/local/texlive/2022/texmf-dist/tex/latex/base/size10.clo
File: size10.clo 2021/10/04 v1.4n Standard LaTeX file (size option)
) (/usr/local/texlive/2022/texmf-dist/tex/latex/base/exscale.sty
Package: exscale 2018/09/24 v2.1i Standard LaTeX package exscale
LaTeX Font Info:    Redeclaring symbol font `largesymbols' on input line 57.
LaTeX Font Info:    Overwriting symbol font `largesymbols' in version `normal'
(Font)                  OMX/cmex/m/n --> OMX/cmex/m/n on input line 57.
LaTeX Font Info:    Overwriting symbol font `largesymbols' in version `bold'
(Font)                  OMX/cmex/m/n --> OMX/cmex/m/n on input line 57.
\big@size=\dimen138
)
\c@part=\count185
\c@section=\count186
\c@subsection=\count187
\c@subsubsection=\count188
\c@paragraph=\count189
\c@subparagraph=\count190
\c@figure=\count191
\c@table=\count192
\abovecaptionskip=\skip47
\belowcaptionskip=\skip48
\bibindent=\dimen139
) (/usr/local/texlive/2022/texmf-dist/tex/latex/base/inputenc.sty
Package: inputenc 2021/02/14 v1.3d Input encoding file
\inpenc@prehook=\toks16
\inpenc@posthook=\toks17
) (/usr/local/texlive/2022/texmf-dist/tex/latex/graphics/graphicx.sty
Package: graphicx 2021/09/16 v1.2d Enhanced LaTeX Graphics (DPC,SPQR)
 (/usr/local/texlive/2022/texmf-dist/tex/latex/graphics/keyval.sty
Package: keyval 2014/10/28 v1.15 key=value parser (DPC)
\KV@toks@=\toks18
) (/usr/local/texlive/2022/texmf-dist/tex/latex/graphics/graphics.sty
Package: graphics 2021/03/04 v1.4d Standard LaTeX Graphics (DPC,SPQR)
 (/usr/local/texlive/2022/texmf-dist/tex/latex/graphics/trig.sty
Package: trig 2021/08/11 v1.11 sin cos tan (DPC)
) (/usr/local/texlive/2022/texmf-dist/tex/latex/graphics-cfg/graphics.cfg
File: graphics.cfg 2016/06/04 v1.11 sample graphics configuration
)
Package graphics Info: Driver file: pdftex.def on input line 107.
 (/usr/local/texlive/2022/texmf-dist/tex/latex/graphics-def/pdftex.def
File: pdftex.def 2020/10/05 v1.2a Graphics/color driver for pdftex
))
\Gin@req@height=\dimen140
\Gin@req@width=\dimen141
) (/usr/local/texlive/2022/texmf-dist/tex/latex/geometry/geometry.sty
Package: geometry 2020/01/02 v5.9 Page Geometry
 (/usr/local/texlive/2022/texmf-dist/tex/generic/iftex/ifvtex.sty
Package: ifvtex 2019/10/25 v1.7 ifvtex legacy package. Use iftex instead.
 (/usr/local/texlive/2022/texmf-dist/tex/generic/iftex/iftex.sty
Package: iftex 2022/02/03 v1.0f TeX engine tests
))
\Gm@cnth=\count193
\Gm@cntv=\count194
\c@Gm@tempcnt=\count195
\Gm@bindingoffset=\dimen142
\Gm@wd@mp=\dimen143
\Gm@odd@mp=\dimen144
\Gm@even@mp=\dimen145
\Gm@layoutwidth=\dimen146
\Gm@layoutheight=\dimen147
\Gm@layouthoffset=\dimen148
\Gm@layoutvoffset=\dimen149
\Gm@dimlist=\toks19
) (/usr/local/texlive/2022/texmf-dist/tex/latex/listings/listings.sty
\lst@mode=\count196
\lst@gtempboxa=\box50
\lst@token=\toks20
\lst@length=\count197
\lst@currlwidth=\dimen150
\lst@column=\count198
\lst@pos=\count199
\lst@lostspace=\dimen151
\lst@width=\dimen152
\lst@newlines=\count266
\lst@lineno=\count267
\lst@maxwidth=\dimen153
 (/usr/local/texlive/2022/texmf-dist/tex/latex/listings/lstmisc.sty
File: lstmisc.sty 2020/03/24 1.8d (Carsten Heinz)
\c@lstnumber=\count268
\lst@skipnumbers=\count269
\lst@framebox=\box51
) (/usr/local/texlive/2022/texmf-dist/tex/latex/listings/listings.cfg
File: listings.cfg 2020/03/24 1.8d listings configuration
))
Package: listings 2020/03/24 1.8d (Carsten Heinz)
 (/usr/local/texlive/2022/texmf-dist/tex/latex/hyperref/hyperref.sty
Package: hyperref 2022-02-21 v7.00n Hypertext links for LaTeX
 (/usr/local/texlive/2022/texmf-dist/tex/generic/ltxcmds/ltxcmds.sty
Package: ltxcmds 2020-05-10 v1.25 LaTeX kernel commands for general use (HO)
) (/usr/local/texlive/2022/texmf-dist/tex/generic/pdftexcmds/pdftexcmds.sty
Package: pdftexcmds 2020-06-27 v0.33 Utility functions of pdfTeX for LuaTeX (HO)
 (/usr/local/texlive/2022/texmf-dist/tex/generic/infwarerr/infwarerr.sty
Package: infwarerr 2019/12/03 v1.5 Providing info/warning/error messages (HO)
)
Package pdftexcmds Info: \pdf@primitive is available.
Package pdftexcmds Info: \pdf@ifprimitive is available.
Package pdftexcmds Info: \pdfdraftmode found.
) (/usr/local/texlive/2022/texmf-dist/tex/generic/kvsetkeys/kvsetkeys.sty
Package: kvsetkeys 2019/12/15 v1.18 Key value parser (HO)
) (/usr/local/texlive/2022/texmf-dist/tex/generic/kvdefinekeys/kvdefinekeys.sty
Package: kvdefinekeys 2019-12-19 v1.6 Define keys (HO)
) (/usr/local/texlive/2022/texmf-dist/tex/generic/pdfescape/pdfescape.sty
Package: pdfescape 2019/12/09 v1.15 Implements pdfTeX's escape features (HO)
) (/usr/local/texlive/2022/texmf-dist/tex/latex/hycolor/hycolor.sty
Package: hycolor 2020-01-27 v1.10 Color options for hyperref/bookmark (HO)
) (/usr/local/texlive/2022/texmf-dist/tex/latex/letltxmacro/letltxmacro.sty
Package: letltxmacro 2019/12/03 v1.6 Let assignment for LaTeX macros (HO)
) (/usr/local/texlive/2022/texmf-dist/tex/latex/auxhook/auxhook.sty
Package: auxhook 2019-12-17 v1.6 Hooks for auxiliary files (HO)
) (/usr/local/texlive/2022/texmf-dist/tex/latex/kvoptions/kvoptions.sty
Package: kvoptions 2020-10-07 v3.14 Key value format for package options (HO)
)
\@linkdim=\dimen154
\Hy@linkcounter=\count270
\Hy@pagecounter=\count271
 (/usr/local/texlive/2022/texmf-dist/tex/latex/hyperref/pd1enc.def
File: pd1enc.def 2022-02-21 v7.00n Hyperref: PDFDocEncoding definition (HO)
Now handling font encoding PD1 ...
... no UTF-8 mapping file for font encoding PD1
) (/usr/local/texlive/2022/texmf-dist/tex/generic/intcalc/intcalc.sty
Package: intcalc 2019/12/15 v1.3 Expandable calculations with integers (HO)
) (/usr/local/texlive/2022/texmf-dist/tex/generic/etexcmds/etexcmds.sty
Package: etexcmds 2019/12/15 v1.7 Avoid name clashes with e-TeX commands (HO)
)
\Hy@SavedSpaceFactor=\count272
 (/usr/local/texlive/2022/texmf-dist/tex/latex/hyperref/puenc.def
File: puenc.def 2022-02-21 v7.00n Hyperref: PDF Unicode definition (HO)
Now handling font encoding PU ...
... no UTF-8 mapping file for font encoding PU
)
Package hyperref Info: Hyper figures OFF on input line 4137.
Package hyperref Info: Link nesting OFF on input line 4142.
Package hyperref Info: Hyper index ON on input line 4145.
Package hyperref Info: Plain pages OFF on input line 4152.
Package hyperref Info: Backreferencing OFF on input line 4157.
Package hyperref Info: Implicit mode ON; LaTeX internals redefined.
Package hyperref Info: Bookmarks ON on input line 4390.
\c@Hy@tempcnt=\count273
 (/usr/local/texlive/2022/texmf-dist/tex/latex/url/url.sty
\Urlmuskip=\muskip16
Package: url 2013/09/16  ver 3.4  Verb mode for urls, etc.
)
LaTeX Info: Redefining \url on input line 4749.
\XeTeXLinkMargin=\dimen155
 (/usr/local/texlive/2022/texmf-dist/tex/generic/bitset/bitset.sty
Package: bitset 2019/12/09 v1.3 Handle bit-vector datatype (HO)
 (/usr/local/texlive/2022/texmf-dist/tex/generic/bigintcalc/bigintcalc.sty
Package: bigintcalc 2019/12/15 v1.5 Expandable calculations on big integers (HO)
))
\Fld@menulength=\count274
\Field@Width=\dimen156
\Fld@charsize=\dimen157
Package hyperref Info: Hyper figures OFF on input line 6027.
Package hyperref Info: Link nesting OFF on input line 6032.
Package hyperref Info: Hyper index ON on input line 6035.
Package hyperref Info: backreferencing OFF on input line 6042.
Package hyperref Info: Link coloring OFF on input line 6047.
Package hyperref Info: Link coloring with OCG OFF on input line 6052.
Package hyperref Info: PDF/A mode OFF on input line 6057.
LaTeX Info: Redefining \ref on input line 6097.
LaTeX Info: Redefining \pageref on input line 6101.
 (/usr/local/texlive/2022/texmf-dist/tex/latex/base/atbegshi-ltx.sty
Package: atbegshi-ltx 2021/01/10 v1.0c Emulation of the original atbegshi
package with kernel methods
)
\Hy@abspage=\count275
\c@Item=\count276
\c@Hfootnote=\count277
)
Package hyperref Info: Driver (autodetected): hpdftex.
 (/usr/local/texlive/2022/texmf-dist/tex/latex/hyperref/hpdftex.def
File: hpdftex.def 2022-02-21 v7.00n Hyperref driver for pdfTeX
 (/usr/local/texlive/2022/texmf-dist/tex/latex/base/atveryend-ltx.sty
Package: atveryend-ltx 2020/08/19 v1.0a Emulation of the original atveryend package
with kernel methods
)
\Fld@listcount=\count278
\c@bookmark@seq@number=\count279
 (/usr/local/texlive/2022/texmf-dist/tex/latex/rerunfilecheck/rerunfilecheck.sty
Package: rerunfilecheck 2019/12/05 v1.9 Rerun checks for auxiliary files (HO)
 (/usr/local/texlive/2022/texmf-dist/tex/generic/uniquecounter/uniquecounter.sty
Package: uniquecounter 2019/12/15 v1.4 Provide unlimited unique counter (HO)
)
Package uniquecounter Info: New unique counter `rerunfilecheck' on input line 286.
)
\Hy@SectionHShift=\skip49
)

Package geometry Warning: Over-specification in `h'-direction.
    `width' (483.69684pt) is ignored.


Package geometry Warning: Over-specification in `v'-direction.
    `height' (731.23582pt) is ignored.

(/usr/local/texlive/2022/texmf-dist/tex/latex/l3backend/l3backend-pdftex.def
File: l3backend-pdftex.def 2022-02-07 L3 backend support: PDF output (pdfTeX)
\l__color_backend_stack_int=\count280
\l__pdf_internal_box=\box52
) (./autopsy.aux)
\openout1 = `autopsy.aux'.

LaTeX Font Info:    Checking defaults for OML/cmm/m/it on input line 29.
LaTeX Font Info:    ... okay on input line 29.
LaTeX Font Info:    Checking defaults for OMS/cmsy/m/n on input line 29.
LaTeX Font Info:    ... okay on input line 29.
LaTeX Font Info:    Checking defaults for OT1/cmr/m/n on input line 29.
LaTeX Font Info:    ... okay on input line 29.
LaTeX Font Info:    Checking defaults for T1/cmr/m/n on input line 29.
LaTeX Font Info:    ... okay on input line 29.
LaTeX Font Info:    Checking defaults for TS1/cmr/m/n on input line 29.
LaTeX Font Info:    ... okay on input line 29.
LaTeX Font Info:    Checking defaults for OMX/cmex/m/n on input line 29.
LaTeX Font Info:    ... okay on input line 29.
LaTeX Font Info:    Checking defaults for U/cmr/m/n on input line 29.
LaTeX Font Info:    ... okay on input line 29.
LaTeX Font Info:    Checking defaults for PD1/pdf/m/n on input line 29.
LaTeX Font Info:    ... okay on input line 29.
LaTeX Font Info:    Checking defaults for PU/pdf/m/n on input line 29.
LaTeX Font Info:    ... okay on input line 29.
 (/usr/local/texlive/2022/texmf-dist/tex/context/base/mkii/supp-pdf.mkii
[Loading MPS to PDF converter (version 2006.09.02).]
\scratchcounter=\count281
\scratchdimen=\dimen158
\scratchbox=\box53
\nofMPsegments=\count282
\nofMParguments=\count283
\everyMPshowfont=\toks21
\MPscratchCnt=\count284
\MPscratchDim=\dimen159
\MPnumerator=\count285
\makeMPintoPDFobject=\count286
\everyMPtoPDFconversion=\toks22
) (/usr/local/texlive/2022/texmf-dist/tex/latex/epstopdf-pkg/epstopdf-base.sty
Package: epstopdf-base 2020-01-24 v2.11 Base part for package epstopdf
Package epstopdf-base Info: Redefining graphics rule for `.eps' on input line 485.
 (/usr/local/texlive/2022/texmf-dist/tex/latex/latexconfig/epstopdf-sys.cfg
File: epstopdf-sys.cfg 2010/07/13 v1.3 Configuration of (r)epstopdf for TeX Live
))
*geometry* driver: auto-detecting
*geometry* detected driver: pdftex
*geometry* verbose mode - [ preamble ] result:
* driver: pdftex
* paper: a4paper
* layout: <same size as paper>
* layoutoffset:(h,v)=(0.0pt,0.0pt)
* modes: 
* h-part:(L,W,R)=(56.9055pt, 483.69687pt, 56.9055pt)
* v-part:(T,H,B)=(85.35826pt, 674.33032pt, 85.35826pt)
* \paperwidth=597.50787pt
* \paperheight=845.04684pt
* \textwidth=483.69687pt
* \textheight=674.33032pt
* \oddsidemargin=-15.36449pt
* \evensidemargin=-15.36449pt
* \topmargin=-23.91173pt
* \headheight=12.0pt
* \headsep=25.0pt
* \topskip=10.0pt
* \footskip=30.0pt
* \marginparwidth=65.0pt
* \marginparsep=11.0pt
* \columnsep=10.0pt
* \skip\footins=9.0pt plus 4.0pt minus 2.0pt
* \hoffset=0.0pt
* \voffset=0.0pt
* \mag=1000
* \@twocolumnfalse
* \@twosidefalse
* \@mparswitchfalse
* \@reversemarginfalse
* (1in=72.27pt=25.4mm, 1cm=28.453pt)

\c@lstlisting=\count287
Package hyperref Info: Link coloring OFF on input line 29.
(/usr/local/texlive/2022/texmf-dist/tex/latex/hyperref/nameref.sty
Package: nameref 2021-04-02 v2.47 Cross-referencing by name of section
 (/usr/local/texlive/2022/texmf-dist/tex/latex/refcount/refcount.sty
Package: refcount 2019/12/15 v3.6 Data extraction from label references (HO)
) (/usr/local/texlive/2022/texmf-dist/tex/generic/gettitlestring/gettitlestring.sty
Package: gettitlestring 2019/12/15 v1.6 Cleanup title references (HO)
)
\c@section@level=\count288
)
LaTeX Info: Redefining \ref on input line 29.
LaTeX Info: Redefining \pageref on input line 29.
LaTeX Info: Redefining \nameref on input line 29.
\@outlinefile=\write3
\openout3 = `autopsy.out'.



LaTeX Warning: File `BUET_LOGO.svg.png' not found on input line 52.


/Users/rakibabdullah/Desktop/CSE-406/autopsyLatex/CSE-406-Computer-Security/Autopsy/autopsy.tex:52: Package pdftex.def Error: File `BUET_LOGO.svg.png' not found: using draft setting.

See the pdftex.def package documentation for explanation.
Type  H <return>  for immediate help.
 ...                                              
                                                  
l.52 ...cs[width=0.2\textwidth]{BUET_LOGO.svg.png}
                                                  }\\
Try typing  <return>  to proceed.
If that doesn't work, type  X <return>  to quit.

[1

{/usr/local/texlive/2022/texmf-var/fonts/map/pdftex/updmap/pdftex.map}]
pdfTeX warning (ext4): destination with the same identifier (name{page.1}) has been already used, duplicate ignored
<to be read again> 
                   \relax 
l.78     \item E
                vent viewing [1]
Overfull \hbox (11.09048pt too wide) in paragraph at lines 88--89
[]\OT1/cmr/bx/n/20.74 Data Source Ad-di-tion\OT1/cmr/m/n/20.74 : Add one or more data sources
 []

[2] [3]

LaTeX Warning: File `newCaseInfo.PNG' not found on input line 134.


/Users/rakibabdullah/Desktop/CSE-406/autopsyLatex/CSE-406-Computer-Security/Autopsy/autopsy.tex:134: Package pdftex.def Error: File `newCaseInfo.PNG' not found: using draft setting.

See the pdftex.def package documentation for explanation.
Type  H <return>  for immediate help.
 ...                                              
                                                  
l.134 ...cs[width=0.75\textwidth]{newCaseInfo.PNG}
                                                  
Try typing  <return>  to proceed.
If that doesn't work, type  X <return>  to quit.

[4]

LaTeX Warning: File `additionalInfo.PNG' not found on input line 142.


/Users/rakibabdullah/Desktop/CSE-406/autopsyLatex/CSE-406-Computer-Security/Autopsy/autopsy.tex:142: Package pdftex.def Error: File `additionalInfo.PNG' not found: using draft setting.

See the pdftex.def package documentation for explanation.
Type  H <return>  for immediate help.
 ...                                              
                                                  
l.142 ...width=0.75\textwidth]{additionalInfo.PNG}
                                                  
Try typing  <return>  to proceed.
If that doesn't work, type  X <return>  to quit.

[5]

LaTeX Warning: File `addDataSource.PNG' not found on input line 150.


/Users/rakibabdullah/Desktop/CSE-406/autopsyLatex/CSE-406-Computer-Security/Autopsy/autopsy.tex:150: Package pdftex.def Error: File `addDataSource.PNG' not found: using draft setting.

See the pdftex.def package documentation for explanation.
Type  H <return>  for immediate help.
 ...                                              
                                                  
l.150 ...[width=0.75\textwidth]{addDataSource.PNG}
                                                  
Try typing  <return>  to proceed.
If that doesn't work, type  X <return>  to quit.

[6] [7]

LaTeX Warning: File `selectDataSourceType.PNG' not found on input line 164.


/Users/rakibabdullah/Desktop/CSE-406/autopsyLatex/CSE-406-Computer-Security/Autopsy/autopsy.tex:164: Package pdftex.def Error: File `selectDataSourceType.PNG' not found: using draft setting.

See the pdftex.def package documentation for explanation.
Type  H <return>  for immediate help.
 ...                                              
                                                  
l.164 ...0.75\textwidth]{selectDataSourceType.PNG}
                                                  
Try typing  <return>  to proceed.
If that doesn't work, type  X <return>  to quit.


LaTeX Warning: File `selectDataSourceFile.PNG' not found on input line 170.


/Users/rakibabdullah/Desktop/CSE-406/autopsyLatex/CSE-406-Computer-Security/Autopsy/autopsy.tex:170: Package pdftex.def Error: File `selectDataSourceFile.PNG' not found: using draft setting.

See the pdftex.def package documentation for explanation.
Type  H <return>  for immediate help.
 ...                                              
                                                  
l.170 ...0.75\textwidth]{selectDataSourceFile.PNG}
                                                  
Try typing  <return>  to proceed.
If that doesn't work, type  X <return>  to quit.

[8]

LaTeX Warning: File `configureIngestModule.PNG' not found on input line 176.


/Users/rakibabdullah/Desktop/CSE-406/autopsyLatex/CSE-406-Computer-Security/Autopsy/autopsy.tex:176: Package pdftex.def Error: File `configureIngestModule.PNG' not found: using draft setting.

See the pdftex.def package documentation for explanation.
Type  H <return>  for immediate help.
 ...                                              
                                                  
l.176 ....75\textwidth]{configureIngestModule.PNG}
                                                  
Try typing  <return>  to proceed.
If that doesn't work, type  X <return>  to quit.

[9]
Overfull \hbox (6.88753pt too wide) in paragraph at lines 185--186
\OT1/cmr/m/n/20.74 the op-er-at-ing sys-tem, pro-vid-ing in-sights into on-line searches,
 []

[10]
<3/3.1/recent activity settings.PNG, id=67, 1372.37718pt x 575.90157pt>
File: 3/3.1/recent activity settings.PNG Graphic file (type png)
<use 3/3.1/recent activity settings.PNG>
Package pdftex.def Info: 3/3.1/recent activity settings.PNG  used on input line 200.
(pdftex.def)             Requested size: 181.38632pt x 76.10887pt.

Underfull \hbox (badness 1043) in paragraph at lines 202--202
[]\OT1/cmr/m/n/20.74 Figure 1: []Recent Ac-tiv-ity
 []

<3/3.1/Screenshot 2024-02-27 at 8.15.21 PM.png, id=69, 277.035pt x 286.06876pt>
File: 3/3.1/Screenshot 2024-02-27 at 8.15.21 PM.png Graphic file (type png)
<use 3/3.1/Screenshot 2024-02-27 at 8.15.21 PM.png>
Package pdftex.def Info: 3/3.1/Screenshot 2024-02-27 at 8.15.21 PM.png  used on input line 208.
(pdftex.def)             Requested size: 163.24658pt x 168.56958pt.
[11 <./3/3.1/recent activity settings.PNG> <./3/3.1/Screenshot 2024-02-27 at 8.15.21 PM.png>] [12]
<3/3.2/Hash Set Custom Configuration.png, id=94, 1067.78925pt x 574.84763pt>
File: 3/3.2/Hash Set Custom Configuration.png Graphic file (type png)
<use 3/3.2/Hash Set Custom Configuration.png>
Package pdftex.def Info: 3/3.2/Hash Set Custom Configuration.png  used on input line 234.
(pdftex.def)             Requested size: 362.77264pt x 195.2965pt.
<3/3.2/Results of Hash Lookup ingest module.png, id=95, 1028.643pt x 360.44662pt>
File: 3/3.2/Results of Hash Lookup ingest module.png Graphic file (type png)
<use 3/3.2/Results of Hash Lookup ingest module.png>
Package pdftex.def Info: 3/3.2/Results of Hash Lookup ingest module.png  used on input line 240.
(pdftex.def)             Requested size: 362.77264pt x 127.1207pt.
 [13 <./3/3.2/Hash Set Custom Configuration.png> <./3/3.2/Results of Hash Lookup ingest module.png>]
<3/3.3/File Type Identification Settings.png, id=104, 854.29163pt x 457.10776pt>
File: 3/3.3/File Type Identification Settings.png Graphic file (type png)
<use 3/3.3/File Type Identification Settings.png>
Package pdftex.def Info: 3/3.3/File Type Identification Settings.png  used on input line 251.
(pdftex.def)             Requested size: 362.77264pt x 194.11128pt.
 [14 <./3/3.3/File Type Identification Settings.png>]
<3/3.3/Custom File Type Identification Settings.png, id=112, 1021.71713pt x 318.28912pt>
File: 3/3.3/Custom File Type Identification Settings.png Graphic file (type png)
<use 3/3.3/Custom File Type Identification Settings.png>
Package pdftex.def Info: 3/3.3/Custom File Type Identification Settings.png  used on input line 258.
(pdftex.def)             Requested size: 362.77264pt x 113.01042pt.
 [15 <./3/3.3/Custom File Type Identification Settings.png>]
Overfull \hbox (23.07408pt too wide) in paragraph at lines 265--266
\OT1/cmr/m/n/20.74 within the \OT1/cmr/bx/n/20.74 Views \OT1/cmr/m/n/20.74 sec-tion un-der \OT1/cmr/bx/n/20.74 File Types  \OT1/cmr/m/n/20.74 and \OT1/cmr/bx/n/20.74 Archives\OT1/cmr/m/n/20.74 . 
 []

<3/3.4/Embedded File Extractor Results.png, id=120, 1028.04076pt x 547.14412pt>
File: 3/3.4/Embedded File Extractor Results.png Graphic file (type png)
<use 3/3.4/Embedded File Extractor Results.png>
Package pdftex.def Info: 3/3.4/Embedded File Extractor Results.png  used on input line 268.
(pdftex.def)             Requested size: 362.77264pt x 193.07286pt.
LaTeX Font Info:    Trying to load font information for OML+cmr on input line 275.
(/usr/local/texlive/2022/texmf-dist/tex/latex/base/omlcmr.fd
File: omlcmr.fd 2019/12/16 v2.5j Standard LaTeX font definitions
)
LaTeX Font Info:    Font shape `OML/cmr/m/n' in size <20.74> not available
(Font)              Font shape `OML/cmm/m/it' tried instead on input line 275.

Overfull \hbox (10.61102pt too wide) in paragraph at lines 275--276
\OT1/cmr/m/n/20.74 Within the [][][][][][][][][][][][][] di-
 []

[16 <./3/3.4/Embedded File Extractor Results.png>]
<3/3.5/Extension Mismatch Detector Settings .png, id=128, 1074.11287pt x 455.301pt>
File: 3/3.5/Extension Mismatch Detector Settings .png Graphic file (type png)
<use 3/3.5/Extension Mismatch Detector Settings .png>
Package pdftex.def Info: 3/3.5/Extension Mismatch Detector Settings .png  used on input line 278.
(pdftex.def)             Requested size: 362.77264pt x 153.77208pt.
<3/3.5/Details of Mismatched Files.png, id=129, 1028.34187pt x 329.43076pt>
File: 3/3.5/Details of Mismatched Files.png Graphic file (type png)
<use 3/3.5/Details of Mismatched Files.png>
Package pdftex.def Info: 3/3.5/Details of Mismatched Files.png  used on input line 285.
(pdftex.def)             Requested size: 362.77264pt x 116.21735pt.
 [17 <./3/3.5/Extension Mismatch Detector Settings .png> <./3/3.5/Details of Mismatched Files.png>]
<3/3.6/Picture Analyzer Results.png, id=140, 1152.7065pt x 615.19838pt>
File: 3/3.6/Picture Analyzer Results.png Graphic file (type png)
<use 3/3.6/Picture Analyzer Results.png>
Package pdftex.def Info: 3/3.6/Picture Analyzer Results.png  used on input line 294.
(pdftex.def)             Requested size: 362.77264pt x 193.61015pt.

Overfull \hbox (1.49329pt too wide) in paragraph at lines 298--299
\OT1/cmr/m/n/20.74 from in-gested files, se-lected re-ports gen-er-ated by other mod-
 []

<3/3.7/Keyword Search Settings.png, id=141, 634.47037pt x 460.119pt>
File: 3/3.7/Keyword Search Settings.png Graphic file (type png)
<use 3/3.7/Keyword Search Settings.png>
Package pdftex.def Info: 3/3.7/Keyword Search Settings.png  used on input line 301.
(pdftex.def)             Requested size: 362.77264pt x 263.07794pt.
[18 <./3/3.6/Picture Analyzer Results.png>]
<3/3.7/Keyword Search Results Details.png, id=150, 1024.72838pt x 489.62926pt>
File: 3/3.7/Keyword Search Results Details.png Graphic file (type png)
<use 3/3.7/Keyword Search Results Details.png>
Package pdftex.def Info: 3/3.7/Keyword Search Results Details.png  used on input line 308.
(pdftex.def)             Requested size: 362.77264pt x 173.3377pt.
 [19 <./3/3.7/Keyword Search Settings.png> <./3/3.7/Keyword Search Results Details.png>]
<3/3.8/Interesting Files Configuration.png, id=159, 1074.414pt x 451.6875pt>
File: 3/3.8/Interesting Files Configuration.png Graphic file (type png)
<use 3/3.8/Interesting Files Configuration.png>
Package pdftex.def Info: 3/3.8/Interesting Files Configuration.png  used on input line 326.
(pdftex.def)             Requested size: 362.77264pt x 152.51031pt.
 [20 <./3/3.8/Interesting Files Configuration.png>]
<3/3.9/Results of Email Parser ingest module.png, id=169, 1021.11487pt x 318.28912pt>
File: 3/3.9/Results of Email Parser ingest module.png Graphic file (type png)
<use 3/3.9/Results of Email Parser ingest module.png>
Package pdftex.def Info: 3/3.9/Results of Email Parser ingest module.png  used on input line 338.
(pdftex.def)             Requested size: 362.77264pt x 113.07841pt.

Overfull \hbox (41.35347pt too wide) in paragraph at lines 341--342
\OT1/cmr/m/n/20.74 sults can be viewed in \OT1/cmtt/m/n/20.74 Data Artifacts > E-mail messages\OT1/cmr/m/n/20.74 .
 []

<3/3.9/Details of an email text version.png, id=170, 714.87074pt x 305.943pt>
File: 3/3.9/Details of an email text version.png Graphic file (type png)
<use 3/3.9/Details of an email text version.png>
Package pdftex.def Info: 3/3.9/Details of an email text version.png  used on input line 344.
(pdftex.def)             Requested size: 362.77264pt x 155.25858pt.
[21 <./3/3.9/Results of Email Parser ingest module.png>]
<3/3.9/Email Accounts.png, id=179, 1022.92163pt x 317.68687pt>
File: 3/3.9/Email Accounts.png Graphic file (type png)
<use 3/3.9/Email Accounts.png>
Package pdftex.def Info: 3/3.9/Email Accounts.png  used on input line 349.
(pdftex.def)             Requested size: 362.77264pt x 112.6657pt.

Overfull \hbox (1.69919pt too wide) in paragraph at lines 351--352
\OT1/cmr/m/n/20.74 From \OT1/cmtt/m/n/20.74 Data Artifacts > Communication Accounts >
 []

<3/3.10/Results of Encryption Detection ingest module.png, id=180, 1020.51262pt x 467.64713pt>
File: 3/3.10/Results of Encryption Detection ingest module.png Graphic file (type png)
<use 3/3.10/Results of Encryption Detection ingest module.png>
Package pdftex.def Info: 3/3.10/Results of Encryption Detection ingest module.png  used on input line 358.
(pdftex.def)             Requested size: 362.77264pt x 166.24066pt.
[22 <./3/3.9/Details of an email text version.png> <./3/3.9/Email Accounts.png>]
<3/3.11/PhotoRec Carver Settings.png, id=188, 637.48163pt x 457.40887pt>
File: 3/3.11/PhotoRec Carver Settings.png Graphic file (type png)
<use 3/3.11/PhotoRec Carver Settings.png>
Package pdftex.def Info: 3/3.11/PhotoRec Carver Settings.png  used on input line 366.
(pdftex.def)             Requested size: 362.77264pt x 260.3pt.
 [23 <./3/3.10/Results of Encryption Detection ingest module.png>]
<3/3.11/PhotoRec Carver Results.png, id=196, 237.2865pt x 135.6267pt>
File: 3/3.11/PhotoRec Carver Results.png Graphic file (type png)
<use 3/3.11/PhotoRec Carver Results.png>
Package pdftex.def Info: 3/3.11/PhotoRec Carver Results.png  used on input line 373.
(pdftex.def)             Requested size: 362.77264pt x 207.35501pt.
 [24 <./3/3.11/PhotoRec Carver Settings.png> <./3/3.11/PhotoRec Carver Results.png>]
<4/4.1/Image Gallery.png, id=205, 2890.8pt x 1536.49031pt>
File: 4/4.1/Image Gallery.png Graphic file (type png)
<use 4/4.1/Image Gallery.png>
Package pdftex.def Info: 4/4.1/Image Gallery.png  used on input line 381.
(pdftex.def)             Requested size: 362.77264pt x 192.81105pt.
 [25 <./4/4.1/Image Gallery.png>]
<4/4.2/Timeline View-1.png, id=214, 2866.71pt x 1511.6475pt>
File: 4/4.2/Timeline View-1.png Graphic file (type png)
<use 4/4.2/Timeline View-1.png>
Package pdftex.def Info: 4/4.2/Timeline View-1.png  used on input line 395.
(pdftex.def)             Requested size: 362.77264pt x 191.28513pt.
<4/4.2/Timeline View-2.png, id=215, 2889.29437pt x 1528.20938pt>
File: 4/4.2/Timeline View-2.png Graphic file (type png)
<use 4/4.2/Timeline View-2.png>
Package pdftex.def Info: 4/4.2/Timeline View-2.png  used on input line 399.
(pdftex.def)             Requested size: 362.77264pt x 191.86517pt.
 [26 <./4/4.2/Timeline View-1.png> <./4/4.2/Timeline View-2.png>]
Overfull \hbox (37.59041pt too wide) in paragraph at lines 405--406
[]\OT1/cmr/m/n/20.74 Here we will re-cover and ex-port a file named "47-Collaboration
 []

<4.3/Screenshot (414).png, id=223, 2576.87718pt x 1364.09625pt>
File: 4.3/Screenshot (414).png Graphic file (type png)
<use 4.3/Screenshot (414).png>
Package pdftex.def Info: 4.3/Screenshot (414).png  used on input line 409.
(pdftex.def)             Requested size: 362.77264pt x 192.0337pt.
<4.3/Screenshot (415).png, id=224, 2570.85469pt x 1364.84906pt>
File: 4.3/Screenshot (415).png Graphic file (type png)
<use 4.3/Screenshot (415).png>
Package pdftex.def Info: 4.3/Screenshot (415).png  used on input line 413.
(pdftex.def)             Requested size: 362.77264pt x 192.57703pt.
[27 <./4.3/Screenshot (414).png>]
<4.3/Screenshot (416).png, id=231, 2890.8pt x 1524.44531pt>
File: 4.3/Screenshot (416).png Graphic file (type png)
<use 4.3/Screenshot (416).png>
Package pdftex.def Info: 4.3/Screenshot (416).png  used on input line 418.
(pdftex.def)             Requested size: 362.77264pt x 191.29955pt.
<4.3/Screenshot (417).png, id=232, 2579.88844pt x 1370.87157pt>
File: 4.3/Screenshot (417).png Graphic file (type png)
<use 4.3/Screenshot (417).png>
Package pdftex.def Info: 4.3/Screenshot (417).png  used on input line 422.
(pdftex.def)             Requested size: 362.77264pt x 192.75742pt.
<4.3/Screenshot (418).png, id=233, 2890.8pt x 1531.22063pt>
File: 4.3/Screenshot (418).png Graphic file (type png)
<use 4.3/Screenshot (418).png>
Package pdftex.def Info: 4.3/Screenshot (418).png  used on input line 426.
(pdftex.def)             Requested size: 362.77264pt x 192.14977pt.
 [28 <./4.3/Screenshot (415).png> <./4.3/Screenshot (416).png> <./4.3/Screenshot (417).png>]
<5/5.1/Tagging.png, id=242, 1027.4385pt x 542.32613pt>
File: 5/5.1/Tagging.png Graphic file (type png)
<use 5/5.1/Tagging.png>
Package pdftex.def Info: 5/5.1/Tagging.png  used on input line 437.
(pdftex.def)             Requested size: 362.77264pt x 191.48857pt.
 [29 <./4.3/Screenshot (418).png> <./5/5.1/Tagging.png>]
<5/5.2/Tagging & Commenting.png, id=251, 1028.34187pt x 480.29437pt>
File: 5/5.2/Tagging & Commenting.png Graphic file (type png)
<use 5/5.2/Tagging & Commenting.png>
Package pdftex.def Info: 5/5.2/Tagging & Commenting.png  used on input line 445.
(pdftex.def)             Requested size: 362.77264pt x 169.43936pt.
<5/5.3/Report Generation-1 .png, id=252, 642.29962pt x 398.99063pt>
File: 5/5.3/Report Generation-1 .png Graphic file (type png)
<use 5/5.3/Report Generation-1 .png>
Package pdftex.def Info: 5/5.3/Report Generation-1 .png  used on input line 452.
(pdftex.def)             Requested size: 362.77264pt x 225.35098pt.
 [30 <./5/5.2/Tagging & Commenting.png>]
<5/5.3/Report Generation-2 .png, id=261, 646.21425pt x 396.88275pt>
File: 5/5.3/Report Generation-2 .png Graphic file (type png)
<use 5/5.3/Report Generation-2 .png>
Package pdftex.def Info: 5/5.3/Report Generation-2 .png  used on input line 458.
(pdftex.def)             Requested size: 362.77264pt x 222.80997pt.
<5/5.3/Report Generation-3.png, id=262, 1155.71774pt x 610.07925pt>
File: 5/5.3/Report Generation-3.png Graphic file (type png)
<use 5/5.3/Report Generation-3.png>
Package pdftex.def Info: 5/5.3/Report Generation-3.png  used on input line 462.
(pdftex.def)             Requested size: 362.77264pt x 191.49641pt.
 [31 <./5/5.3/Report Generation-1 .png> <./5/5.3/Report Generation-2 .png>] [32 <./5/5.3/Report Generation-3.png>]
<6/6.1/Extended DOS Partition.png, id=278, 1026.53513pt x 542.92838pt>
File: 6/6.1/Extended DOS Partition.png Graphic file (type png)
<use 6/6.1/Extended DOS Partition.png>
Package pdftex.def Info: 6/6.1/Extended DOS Partition.png  used on input line 475.
(pdftex.def)             Requested size: 362.77264pt x 191.86691pt.

Overfull \hbox (22.60762pt too wide) in paragraph at lines 480--481
[]\OT1/cmr/m/n/20.74 Autopsy ac-cu-rately iden-ti-fies and dis-plays par-ti-tions within
 []

[33 <./6/6.1/Extended DOS Partition.png>]
<6/6.2/Search Results for keyword.png, id=289, 1026.83624pt x 545.93962pt>
File: 6/6.2/Search Results for keyword.png Graphic file (type png)
<use 6/6.2/Search Results for keyword.png>
Package pdftex.def Info: 6/6.2/Search Results for keyword.png  used on input line 494.
(pdftex.def)             Requested size: 362.77264pt x 192.87274pt.
 [34]
<6/6.2/Search Results for keyword _second_.png, id=298, 1030.44975pt x 545.33737pt>
File: 6/6.2/Search Results for keyword _second_.png Graphic file (type png)
<use 6/6.2/Search Results for keyword _second_.png>
Package pdftex.def Info: 6/6.2/Search Results for keyword _second_.png  used on input line 498.
(pdftex.def)             Requested size: 362.77264pt x 191.98598pt.
 [35 <./6/6.2/Search Results for keyword.png> <./6/6.2/Search Results for keyword _second_.png>]
Overfull \hbox (26.87466pt too wide) in paragraph at lines 510--512
\OT1/cmr/m/n/20.74 The MD5 of the im-age is 4aeb06ecd361777242ab78735d51ace6. 
 []

<6/6.3/FTS Deleted Files.png, id=308, 1029.24525pt x 546.24075pt>
File: 6/6.3/FTS Deleted Files.png Graphic file (type png)
<use 6/6.3/FTS Deleted Files.png>
Package pdftex.def Info: 6/6.3/FTS Deleted Files.png  used on input line 515.
(pdftex.def)             Requested size: 362.77264pt x 192.52905pt.
[36]
Overfull \hbox (29.04175pt too wide) in paragraph at lines 525--527
\OT1/cmr/m/n/20.74 The MD5 of the im-age is 9bdb9c76b80e90d155806a1fc7846db5. 
 []

[37 <./6/6.3/FTS Deleted Files.png>]
<6/6.4/Autopsy JPEG Search Summary.png, id=329, 719.68875pt x 427.29637pt>
File: 6/6.4/Autopsy JPEG Search Summary.png Graphic file (type png)
<use 6/6.4/Autopsy JPEG Search Summary.png>
Package pdftex.def Info: 6/6.4/Autopsy JPEG Search Summary.png  used on input line 530.
(pdftex.def)             Requested size: 362.77264pt x 215.39502pt.
<6/6.4/All JPEG Images Found by Autopsy.png, id=330, 814.84425pt x 520.04288pt>
File: 6/6.4/All JPEG Images Found by Autopsy.png Graphic file (type png)
<use 6/6.4/All JPEG Images Found by Autopsy.png>
Package pdftex.def Info: 6/6.4/All JPEG Images Found by Autopsy.png  used on input line 535.
(pdftex.def)             Requested size: 362.77264pt x 231.5334pt.
 [38 <./6/6.4/Autopsy JPEG Search Summary.png>]
<6/6.4/Detecting Images with Corrupted Extension.png, id=339, 1028.04076pt x 542.92838pt>
File: 6/6.4/Detecting Images with Corrupted Extension.png Graphic file (type png)
<use 6/6.4/Detecting Images with Corrupted Extension.png>
Package pdftex.def Info: 6/6.4/Detecting Images with Corrupted Extension.png  used on input line 539.
(pdftex.def)             Requested size: 362.77264pt x 191.58524pt.
<6/6.4/Detecting Other File Types with JPEG Extension.png, id=340, 1020.2115pt x 540.21825pt>
File: 6/6.4/Detecting Other File Types with JPEG Extension.png Graphic file (type png)
<use 6/6.4/Detecting Other File Types with JPEG Extension.png>
Package pdftex.def Info: 6/6.4/Detecting Other File Types with JPEG Extension.png  used on input line 543.
(pdftex.def)             Requested size: 362.77264pt x 192.09618pt.
 [39 <./6/6.4/All JPEG Images Found by Autopsy.png> <./6/6.4/Detecting Images with Corrupted Extension.png> <./6/6.4/Detecting Other File Types with JPEG Extension.png>] [40]
Overfull \hbox (58.28871pt too wide) in paragraph at lines 553--559
\OT1/cmr/m/n/20.74 The MD5 of the disk im-age is 9225ff95b92311a28b2224e9dc324231, 
 []

[41]
Overfull \hbox (13.32pt too wide) in paragraph at lines 572--573
\OT1/cmr/m/n/20.74 show-cas-ing the re-silience of NTFS file sys-tems un-der scrutiny. 
 []

[42]
<6/6.5/Autopsy NTFS Autodetect-1.png, id=368, 1027.4385pt x 541.12163pt>
File: 6/6.5/Autopsy NTFS Autodetect-1.png Graphic file (type png)
<use 6/6.5/Autopsy NTFS Autodetect-1.png>
Package pdftex.def Info: 6/6.5/Autopsy NTFS Autodetect-1.png  used on input line 577.
(pdftex.def)             Requested size: 193.47578pt x 101.89766pt.
<6/6.5/Autopsy NTFS Autodetect-2.png, id=369, 1025.93288pt x 539.01375pt>
File: 6/6.5/Autopsy NTFS Autodetect-2.png Graphic file (type png)
<use 6/6.5/Autopsy NTFS Autodetect-2.png>
Package pdftex.def Info: 6/6.5/Autopsy NTFS Autodetect-2.png  used on input line 581.
(pdftex.def)             Requested size: 193.47578pt x 101.64877pt.
 [43 <./6/6.5/Autopsy NTFS Autodetect-1.png> <./6/6.5/Autopsy NTFS Autodetect-2.png>] (./autopsy.aux)

Package rerunfilecheck Warning: File `autopsy.out' has changed.
(rerunfilecheck)                Rerun to get outlines right
(rerunfilecheck)                or use package `bookmark'.

Package rerunfilecheck Info: Checksums for `autopsy.out':
(rerunfilecheck)             Before: <no file>
(rerunfilecheck)             After:  380E604E075EB11A03995E0C26EA2FF9;5555.
 ) 
Here is how much of TeX's memory you used:
 10944 strings out of 478268
 180638 string characters out of 5846347
 455074 words of memory out of 5000000
 28845 multiletter control sequences out of 15000+600000
 474708 words of font info for 47 fonts, out of 8000000 for 9000
 1141 hyphenation exceptions out of 8191
 60i,8n,63p,1036b,1240s stack positions out of 10000i,1000n,20000p,200000b,200000s
{/usr/local/texlive/2022/texmf-dist/fonts/enc/dvips/cm-super/cm-super-ts1.enc}</usr/local/texlive/2022/texmf-dist/fonts/type1/public/amsfonts/cm/cmbx12.pfb></usr/local/texlive/2022/texmf-dist/fonts/type1/public/amsfonts/cm/cmmi12.pfb></usr/local/texlive/2022/texmf-dist/fonts/type1/public/amsfonts/cm/cmr17.pfb></usr/local/texlive/2022/texmf-dist/fonts/type1/public/amsfonts/cm/cmtt12.pfb></usr/local/texlive/2022/texmf-dist/fonts/type1/public/cm-super/sfrm2074.pfb>
Output written on autopsy.pdf (44 pages, 9155406 bytes).
PDF statistics:
 439 PDF objects out of 1000 (max. 8388607)
 296 compressed objects within 3 object streams
 134 named destinations out of 1000 (max. 500000)
 211 words of extra memory for PDF output out of 10000 (max. 10000000)

